<?xml version="1.0" encoding="UTF-8"?>
<Site BuildName="Linux-c++"
	BuildStamp="20200612-1210-Experimental"
	Name="heutlett-X555UB"
	Generator="ctest-3.16.3"
	CompilerName="/bin/c++"
	CompilerVersion="9.3.0"
	OSName="Linux"
	Hostname="heutlett-X555UB"
	OSRelease="5.4.0-37-generic"
	OSVersion="#41-Ubuntu SMP Wed Jun 3 18:57:02 UTC 2020"
	OSPlatform="x86_64"
	Is64Bits="1"
	VendorString="GenuineIntel"
	VendorID="Intel Corporation"
	FamilyID="6"
	ModelID="78"
	ProcessorCacheSize="3072"
	NumberOfLogicalCPU="4"
	NumberOfPhysicalCPU="2"
	TotalVirtualMemory="2047"
	TotalPhysicalMemory="7860"
	LogicalProcessorsPerPhysical="2"
	ProcessorClockFrequency="2695.29"
	>
	<Testing>
		<StartDateTime>Jun 12 06:10 CST</StartDateTime>
		<StartTestTime>1591963815</StartTestTime>
		<TestList/>
		<EndDateTime>Jun 12 06:10 CST</EndDateTime>
		<EndTestTime>1591963816</EndTestTime>
		<ElapsedMinutes>0</ElapsedMinutes>
	</Testing>
</Site>
